<?xml version="1.0" encoding="UTF-8"?>
<!-- Generated by org.testng.reporters.JUnitXMLReporter -->
<testsuite ignored="0" hostname="DESKTOP-P4GJM8J" failures="1" tests="36" name="Admin_Partners_Testcases" time="306.813" errors="0" timestamp="2022-06-06T11:52:47 IST">
  <testcase classname="Testcases2.Admin_Partners_Testcases" name="Login" time="15.866"/>
  <testcase classname="Testcases2.Admin_Partners_Testcases" name="Check_Admin_menu_clickable" time="5.583"/>
  <testcase classname="Testcases2.Admin_Partners_Testcases" name="Check_Partners_menu_display" time="0.362"/>
  <testcase classname="Testcases2.Admin_Partners_Testcases" name="Check_Partners_menu_Clickable" time="5.434"/>
  <testcase classname="Testcases2.Admin_Partners_Testcases" name="Check_Partners_webpage_title" time="0.063"/>
  <testcase classname="Testcases2.Admin_Partners_Testcases" name="check_Partners_page_header" time="0.228"/>
  <testcase classname="Testcases2.Admin_Partners_Testcases" name="Check_Add_partner_button_display" time="0.297"/>
  <testcase classname="Testcases2.Admin_Partners_Testcases" name="Check_Add_partner_icon_display" time="0.269"/>
  <testcase classname="Testcases2.Admin_Partners_Testcases" name="text_of_Add_partner_button" time="0.166"/>
  <testcase classname="Testcases2.Admin_Partners_Testcases" name="view_partner_icon_display" time="0.217"/>
  <testcase classname="Testcases2.Admin_Partners_Testcases" name="view_partner_icon_clickable" time="10.061"/>
  <testcase classname="Testcases2.Admin_Partners_Testcases" name="check_Back_to_list_button_display" time="0.284"/>
  <testcase classname="Testcases2.Admin_Partners_Testcases" name="check_Back_to_list_button_clickable" time="4.946"/>
  <testcase classname="Testcases2.Admin_Partners_Testcases" name="check_edit_partner_icon_display" time="7.772"/>
  <testcase classname="Testcases2.Admin_Partners_Testcases" name="check_edit_partner_icon_clickable" time="11.711"/>
  <testcase classname="Testcases2.Admin_Partners_Testcases" name="check_Cancel_button_display" time="8.174"/>
  <testcase classname="Testcases2.Admin_Partners_Testcases" name="check_cancel_button_clickable" time="7.598"/>
  <testcase classname="Testcases2.Admin_Partners_Testcases" name="check_Update_button_display" time="10.615"/>
  <testcase classname="Testcases2.Admin_Partners_Testcases" name="check_Update_button_clickable" time="7.335"/>
  <testcase classname="Testcases2.Admin_Partners_Testcases" name="check_Add_Partner_icon_display" time="5.133"/>
  <testcase classname="Testcases2.Admin_Partners_Testcases" name="check_Add_partner_icon_clickable" time="7.948"/>
  <testcase classname="Testcases2.Admin_Partners_Testcases" name="check_Add_Partner_button_display" time="5.129"/>
  <testcase classname="Testcases2.Admin_Partners_Testcases" name="check_Add_partner_button_clickable" time="7.408"/>
  <testcase classname="Testcases2.Admin_Partners_Testcases" name="check_cancel_button_display" time="5.197"/>
  <testcase classname="Testcases2.Admin_Partners_Testcases" name="check_cancel_button_clickable_on_add_partner_page" time="7.415"/>
  <testcase classname="Testcases2.Admin_Partners_Testcases" name="check_search_field_visibility" time="0.122"/>
  <testcase classname="Testcases2.Admin_Partners_Testcases" name="check_search_field_placeholder" time="0.121"/>
  <testcase classname="Testcases2.Admin_Partners_Testcases" name="check_clear_button_visibility" time="0.112"/>
  <testcase classname="Testcases2.Admin_Partners_Testcases" name="clear_button_text" time="0.096"/>
  <testcase classname="Testcases2.Admin_Partners_Testcases" name="search_functionality" time="5.833"/>
  <testcase classname="Testcases2.Admin_Partners_Testcases" name="check_clear_functionality" time="20.298"/>
  <testcase classname="Testcases2.Admin_Partners_Testcases" name="check_on_add_partner_page_mandatory_field_contain_mandatory_message" time="20.715"/>
  <testcase classname="Testcases2.Admin_Partners_Testcases" name="check_Add_partner_functionality_for_invalid_input" time="42.715"/>
  <testcase classname="Testcases2.Admin_Partners_Testcases" name="check_logo_file_size_message" time="17.788"/>
  <testcase classname="Testcases2.Admin_Partners_Testcases" name="check_save_and_proceed_button_display" time="6.96"/>
  <testcase classname="Testcases2.Admin_Partners_Testcases" name="check_Add_partner_functionality_for_valid_input" time="35.499">
    <failure type="java.lang.AssertionError" message="expected [Partners List] but found [Add Partner]">
      <![CDATA[java.lang.AssertionError: expected [Partners List] but found [Add Partner]
at Testcases2.Admin_Partners_Testcases.check_Add_partner_functionality_for_valid_input(Admin_Partners_Testcases.java:544)
at java.base/java.util.ArrayList.forEach(ArrayList.java:1511)
... Removed 33 stack frames]]>
    </failure>
  </testcase> <!-- check_Add_partner_functionality_for_valid_input -->
</testsuite> <!-- Admin_Partners_Testcases -->
