<?xml version="1.0" encoding="UTF-8"?>
<!-- Generated by org.testng.reporters.JUnitXMLReporter -->
<testsuite ignored="0" hostname="DESKTOP-IO56PCV" failures="0" tests="21" name="Admin_Lenders_Testcases" time="133.13" errors="0" timestamp="2022-06-08T19:16:37 IST">
  <testcase classname="Testcases2.Admin_Lenders_Testcases" name="Login" time="12.682"/>
  <testcase classname="Testcases2.Admin_Lenders_Testcases" name="Check_Admin_menu_clickable" time="5.065"/>
  <testcase classname="Testcases2.Admin_Lenders_Testcases" name="Check_Lenders_menu_display" time="0.079"/>
  <testcase classname="Testcases2.Admin_Lenders_Testcases" name="Check_Lenders_menu_Clickable" time="5.066"/>
  <testcase classname="Testcases2.Admin_Lenders_Testcases" name="Check_Lenders_webpage_title" time="0.028"/>
  <testcase classname="Testcases2.Admin_Lenders_Testcases" name="check_Lenders_page_header" time="0.034"/>
  <testcase classname="Testcases2.Admin_Lenders_Testcases" name="Check_Add_lender_button_display" time="0.037"/>
  <testcase classname="Testcases2.Admin_Lenders_Testcases" name="Check_Add_lender_icon_display" time="0.033"/>
  <testcase classname="Testcases2.Admin_Lenders_Testcases" name="text_of_Add_lender_button" time="0.027"/>
  <testcase classname="Testcases2.Admin_Lenders_Testcases" name="check_edit_lender_icon_display" time="7.09"/>
  <testcase classname="Testcases2.Admin_Lenders_Testcases" name="check_edit_lensder_icon_clickable" time="7.173"/>
  <testcase classname="Testcases2.Admin_Lenders_Testcases" name="check_Update_button_display" time="5.094"/>
  <testcase classname="Testcases2.Admin_Lenders_Testcases" name="check_Update_button_clickable" time="7.118"/>
  <testcase classname="Testcases2.Admin_Lenders_Testcases" name="check_view_lender_icon_visibility" time="7.068"/>
  <testcase classname="Testcases2.Admin_Lenders_Testcases" name="check_view_lenser_icon_clickable" time="7.256"/>
  <testcase classname="Testcases2.Admin_Lenders_Testcases" name="check_Add_lender_icon_display" time="5.072"/>
  <testcase classname="Testcases2.Admin_Lenders_Testcases" name="check_Add_lender_icon_clickable" time="7.324"/>
  <testcase classname="Testcases2.Admin_Lenders_Testcases" name="check_Add_lender_button_clickable" time="7.152"/>
  <testcase classname="Testcases2.Admin_Lenders_Testcases" name="check_save_button_display" time="0.062"/>
  <testcase classname="Testcases2.Admin_Lenders_Testcases" name="check_add_lender_form_field_contain_mandatory_message" time="23.302"/>
  <testcase classname="Testcases2.Admin_Lenders_Testcases" name="check_Add_lender_functionality" time="18.775"/>
</testsuite> <!-- Admin_Lenders_Testcases -->
