<?xml version="1.0" encoding="UTF-8"?>
<!-- Generated by org.testng.reporters.JUnitXMLReporter -->
<testsuite ignored="0" hostname="DESKTOP-IO56PCV" failures="0" tests="30" name="Admin_Customer_Testcases" time="124.551" errors="0" timestamp="2022-08-01T14:20:00 IST">
  <testcase classname="Testcases2.Admin_Customer_Testcases" name="Login" time="12.662"/>
  <testcase classname="Testcases2.Admin_Customer_Testcases" name="Check_Merchant_menu_display" time="0.058"/>
  <testcase classname="Testcases2.Admin_Customer_Testcases" name="Check_Merchant_menu_clickable" time="10.133"/>
  <testcase classname="Testcases2.Admin_Customer_Testcases" name="Check_Customer_menu_display" time="0.039"/>
  <testcase classname="Testcases2.Admin_Customer_Testcases" name="Check_Customer_menu_Clickable" time="5.07"/>
  <testcase classname="Testcases2.Admin_Customer_Testcases" name="Check_Customer_webpage_title" time="0.025"/>
  <testcase classname="Testcases2.Admin_Customer_Testcases" name="check_Merchant_Customers_page_header" time="0.051"/>
  <testcase classname="Testcases2.Admin_Customer_Testcases" name="State_field_label_txt" time="0.033"/>
  <testcase classname="Testcases2.Admin_Customer_Testcases" name="Check_State_field_displayed" time="0.036"/>
  <testcase classname="Testcases2.Admin_Customer_Testcases" name="Check_State_field_clickable" time="5.455"/>
  <testcase classname="Testcases2.Admin_Customer_Testcases" name="City_field_label_txt" time="0.037"/>
  <testcase classname="Testcases2.Admin_Customer_Testcases" name="Check_City_field_displayed" time="0.035"/>
  <testcase classname="Testcases2.Admin_Customer_Testcases" name="Check_City_field_clickable" time="9.987"/>
  <testcase classname="Testcases2.Admin_Customer_Testcases" name="Start_Date_field_label_text" time="0.028"/>
  <testcase classname="Testcases2.Admin_Customer_Testcases" name="Check_Start_Date_field_display" time="0.035"/>
  <testcase classname="Testcases2.Admin_Customer_Testcases" name="Check_Start_Date_field_clickable" time="10.292"/>
  <testcase classname="Testcases2.Admin_Customer_Testcases" name="End_Date_field_label_text" time="0.032"/>
  <testcase classname="Testcases2.Admin_Customer_Testcases" name="Check_End_Date_field_display" time="0.034"/>
  <testcase classname="Testcases2.Admin_Customer_Testcases" name="Check_End_Date_field_clickable" time="5.119"/>
  <testcase classname="Testcases2.Admin_Customer_Testcases" name="Check_select_columnName_field_visibility" time="0.044"/>
  <testcase classname="Testcases2.Admin_Customer_Testcases" name="Check_select_columnName_field_placeholder" time="0.077"/>
  <testcase classname="Testcases2.Admin_Customer_Testcases" name="Check_Search_field_displayed" time="5.074"/>
  <testcase classname="Testcases2.Admin_Customer_Testcases" name="Check_Search_field_editable" time="5.162"/>
  <testcase classname="Testcases2.Admin_Customer_Testcases" name="Check_search_field_placeholder" time="5.164"/>
  <testcase classname="Testcases2.Admin_Customer_Testcases" name="Check_search_button_visibility" time="0.034"/>
  <testcase classname="Testcases2.Admin_Customer_Testcases" name="Check_Clear_button_displayed" time="0.023"/>
  <testcase classname="Testcases2.Admin_Customer_Testcases" name="Check_Clear_functionality" time="10.41"/>
  <testcase classname="Testcases2.Admin_Customer_Testcases" name="Check_Search_functionality" time="19.308"/>
  <testcase classname="Testcases2.Admin_Customer_Testcases" name="Check_View_customer_icon_visibility" time="0.036"/>
  <testcase classname="Testcases2.Admin_Customer_Testcases" name="Check_View_customer_icon_clickable" time="10.21"/>
</testsuite> <!-- Admin_Customer_Testcases -->
