<?xml version="1.0" encoding="UTF-8"?>
<!-- Generated by org.testng.reporters.JUnitXMLReporter -->
<testsuite hostname="DESKTOP-P4GJM8J" failures="0" tests="9" name="Login_page_Testcases" time="28.505" errors="0" timestamp="10 May 2022 08:48:55 GMT">
  <testcase classname="Testcases2.Login_page_Testcases" name="open_url" time="7.768"/>
  <testcase classname="Testcases2.Login_page_Testcases" name="check_webpage_title" time="0.109"/>
  <testcase classname="Testcases2.Login_page_Testcases" name="Check_login_page_header" time="0.325"/>
  <testcase classname="Testcases2.Login_page_Testcases" name="check_username_field_exist" time="0.238"/>
  <testcase classname="Testcases2.Login_page_Testcases" name="check_password_field_exist" time="0.077"/>
  <testcase classname="Testcases2.Login_page_Testcases" name="check_Login_button_exist" time="0.059"/>
  <testcase classname="Testcases2.Login_page_Testcases" name="check_Forgot_password_link_exist" time="0.093"/>
  <testcase classname="Testcases2.Login_page_Testcases" name="check_forgot_password_link_is_active" time="5.35"/>
  <testcase classname="Testcases2.Login_page_Testcases" name="Login_with_valid_data" time="7.119"/>
</testsuite> <!-- Login_page_Testcases -->
