<?xml version="1.0" encoding="UTF-8"?>
<!-- Generated by org.testng.reporters.JUnitXMLReporter -->
<testsuite ignored="0" hostname="DESKTOP-IO56PCV" failures="3" tests="38" name="Login_page_Testcases" time="214.462" errors="0" timestamp="2022-07-27T18:03:42 IST">
  <testcase classname="Testcases2.Login_page_Testcases" name="open_url" time="7.337"/>
  <testcase classname="Testcases2.Login_page_Testcases" name="check_webpage_title" time="0.02">
    <failure type="java.lang.AssertionError" message="expected [WAIU - Login (v-1.0.5)] but found [WAIU - Login (v-1.0.18)]">
      <![CDATA[java.lang.AssertionError: expected [WAIU - Login (v-1.0.5)] but found [WAIU - Login (v-1.0.18)]
at Testcases2.Login_page_Testcases.check_webpage_title(Login_page_Testcases.java:21)
at java.base/java.util.ArrayList.forEach(ArrayList.java:1511)
... Removed 33 stack frames]]>
    </failure>
  </testcase> <!-- check_webpage_title -->
  <testcase classname="Testcases2.Login_page_Testcases" name="Check_login_page_header" time="0.058"/>
  <testcase classname="Testcases2.Login_page_Testcases" name="check_username_field_visibility" time="0.077"/>
  <testcase classname="Testcases2.Login_page_Testcases" name="check_password_field_visibility" time="0.041"/>
  <testcase classname="Testcases2.Login_page_Testcases" name="check_Login_button_visibility" time="0.039"/>
  <testcase classname="Testcases2.Login_page_Testcases" name="check_Forgot_password_link_visibility" time="0.068"/>
  <testcase classname="Testcases2.Login_page_Testcases" name="check_forgot_password_link_is_active" time="5.205"/>
  <testcase classname="Testcases2.Login_page_Testcases" name="forgot_password_page_header_visibility" time="0.025"/>
  <testcase classname="Testcases2.Login_page_Testcases" name="check_username_field_exist_on_forgotpswd_page" time="0.046"/>
  <testcase classname="Testcases2.Login_page_Testcases" name="check_username_field_placeholder_text" time="0.037"/>
  <testcase classname="Testcases2.Login_page_Testcases" name="check_username_field_contain_required_mesg_on_forgot_pswd_page" time="10.16"/>
  <testcase classname="Testcases2.Login_page_Testcases" name="check_forgot_button_Visibility" time="0.027"/>
  <testcase classname="Testcases2.Login_page_Testcases" name="check_login_link_Visibility" time="0.034"/>
  <testcase classname="Testcases2.Login_page_Testcases" name="check_login_link_clickable" time="5.279"/>
  <testcase classname="Testcases2.Login_page_Testcases" name="check_forgot_functinality_for_user_does_not_exist" time="7.269"/>
  <testcase classname="Testcases2.Login_page_Testcases" name="check_forgot_functinality" time="12.269">
    <failure type="org.openqa.selenium.NoSuchElementException" message="no such element: Unable to locate element: {&amp;quot;method&amp;quot;:&amp;quot;xpath&amp;quot;,&amp;quot;selector&amp;quot;:&amp;quot;//div[contains(text(),&amp;apos;Check Your Registered Email and Proceed.&amp;apos;)]&amp;quot;}
  (Session info: chrome=103.0.5060.134)
For documentation on this error, please visit: https://selenium.dev/exceptions/#no_such_element
Build info: version: &amp;apos;4.1.3&amp;apos;, revision: &amp;apos;7b1ebf28ef&amp;apos;
System info: host: &amp;apos;DESKTOP-IO56PCV&amp;apos;, ip: &amp;apos;192.168.0.161&amp;apos;, os.name: &amp;apos;Windows 10&amp;apos;, os.arch: &amp;apos;amd64&amp;apos;, os.version: &amp;apos;10.0&amp;apos;, java.version: &amp;apos;17.0.2&amp;apos;
Driver info: org.openqa.selenium.chrome.ChromeDriver
Command: [314ca0fd12f8fbf19f656c96e090a75f, findElement {using=xpath, value=//div[contains(text(),&amp;apos;Check Your Registered Email and Proceed.&amp;apos;)]}]
Capabilities {acceptInsecureCerts: false, browserName: chrome, browserVersion: 103.0.5060.134, chrome: {chromedriverVersion: 102.0.5005.61 (0e59bcc00cc4..., userDataDir: C:\Users\Admin\AppData\Loca...}, goog:chromeOptions: {debuggerAddress: localhost:59131}, javascriptEnabled: true, networkConnectionEnabled: false, pageLoadStrategy: normal, platform: WINDOWS, platformName: WINDOWS, proxy: Proxy(), se:cdp: ws://localhost:59131/devtoo..., se:cdpVersion: 103.0.5060.134, setWindowRect: true, strictFileInteractability: false, timeouts: {implicit: 0, pageLoad: 300000, script: 30000}, unhandledPromptBehavior: dismiss and notify, webauthn:extension:credBlob: true, webauthn:extension:largeBlob: true, webauthn:virtualAuthenticators: true}
Session ID: 314ca0fd12f8fbf19f656c96e090a75f">
      <![CDATA[org.openqa.selenium.NoSuchElementException: no such element: Unable to locate element: {"method":"xpath","selector":"//div[contains(text(),'Check Your Registered Email and Proceed.')]"}
  (Session info: chrome=103.0.5060.134)
For documentation on this error, please visit: https://selenium.dev/exceptions/#no_such_element
Build info: version: '4.1.3', revision: '7b1ebf28ef'
System info: host: 'DESKTOP-IO56PCV', ip: '192.168.0.161', os.name: 'Windows 10', os.arch: 'amd64', os.version: '10.0', java.version: '17.0.2'
Driver info: org.openqa.selenium.chrome.ChromeDriver
Command: [314ca0fd12f8fbf19f656c96e090a75f, findElement {using=xpath, value=//div[contains(text(),'Check Your Registered Email and Proceed.')]}]
Capabilities {acceptInsecureCerts: false, browserName: chrome, browserVersion: 103.0.5060.134, chrome: {chromedriverVersion: 102.0.5005.61 (0e59bcc00cc4..., userDataDir: C:\Users\Admin\AppData\Loca...}, goog:chromeOptions: {debuggerAddress: localhost:59131}, javascriptEnabled: true, networkConnectionEnabled: false, pageLoadStrategy: normal, platform: WINDOWS, platformName: WINDOWS, proxy: Proxy(), se:cdp: ws://localhost:59131/devtoo..., se:cdpVersion: 103.0.5060.134, setWindowRect: true, strictFileInteractability: false, timeouts: {implicit: 0, pageLoad: 300000, script: 30000}, unhandledPromptBehavior: dismiss and notify, webauthn:extension:credBlob: true, webauthn:extension:largeBlob: true, webauthn:virtualAuthenticators: true}
Session ID: 314ca0fd12f8fbf19f656c96e090a75f
at org.openqa.selenium.remote.codec.w3c.W3CHttpResponseCodec.createException(W3CHttpResponseCodec.java:200)
at org.openqa.selenium.remote.codec.w3c.W3CHttpResponseCodec.decode(W3CHttpResponseCodec.java:133)
at org.openqa.selenium.remote.codec.w3c.W3CHttpResponseCodec.decode(W3CHttpResponseCodec.java:53)
at org.openqa.selenium.remote.HttpCommandExecutor.execute(HttpCommandExecutor.java:184)
at org.openqa.selenium.remote.service.DriverCommandExecutor.invokeExecute(DriverCommandExecutor.java:167)
at org.openqa.selenium.remote.service.DriverCommandExecutor.execute(DriverCommandExecutor.java:142)
at org.openqa.selenium.remote.RemoteWebDriver.execute(RemoteWebDriver.java:567)
at org.openqa.selenium.remote.ElementLocation$ElementFinder$2.findElement(ElementLocation.java:162)
at org.openqa.selenium.remote.ElementLocation.findElement(ElementLocation.java:60)
at org.openqa.selenium.remote.RemoteWebDriver.findElement(RemoteWebDriver.java:385)
at org.openqa.selenium.remote.RemoteWebDriver.findElement(RemoteWebDriver.java:377)
at Testcases2.Login_page_Testcases.check_forgot_functinality(Login_page_Testcases.java:151)
at java.base/java.util.ArrayList.forEach(ArrayList.java:1511)
... Removed 32 stack frames]]>
    </failure>
  </testcase> <!-- check_forgot_functinality -->
  <testcase classname="Testcases2.Login_page_Testcases" name="check_pasword_field_Visibility" time="8.201"/>
  <testcase classname="Testcases2.Login_page_Testcases" name="check_pswd_field_placeholder_text_for_setpswd" time="0.04"/>
  <testcase classname="Testcases2.Login_page_Testcases" name="check_confirm_pasword_field_Visibility" time="0.029"/>
  <testcase classname="Testcases2.Login_page_Testcases" name="check_confirm_pswd_field_placeholder_text_for_setpswd" time="0.027"/>
  <testcase classname="Testcases2.Login_page_Testcases" name="check_login_link_Visibilityon_setpassword_page" time="0.025"/>
  <testcase classname="Testcases2.Login_page_Testcases" name="check_login_link_clickable_on_resetpassword_page" time="5.142"/>
  <testcase classname="Testcases2.Login_page_Testcases" name="check_set_password_button_visibility" time="7.385"/>
  <testcase classname="Testcases2.Login_page_Testcases" name="check_set_password_button_text" time="0.034"/>
  <testcase classname="Testcases2.Login_page_Testcases" name="check_pwd_field_contain_required_mesg_on_set_pswd_page" time="4.209"/>
  <testcase classname="Testcases2.Login_page_Testcases" name="check_cnfrm_pwd_field_contain_required_mesg_on_set_pswd_page" time="4.231"/>
  <testcase classname="Testcases2.Login_page_Testcases" name="check_pwd_field_contain_length_mesg_on_set_pswd_page" time="12.238"/>
  <testcase classname="Testcases2.Login_page_Testcases" name="check_set_password_functinality" time="10.421"/>
  <testcase classname="Testcases2.Login_page_Testcases" name="check_try_to_login_with_old_password" time="10.345"/>
  <testcase classname="Testcases2.Login_page_Testcases" name="check_login_with_new_password" time="16.494">
    <failure type="org.openqa.selenium.NoSuchElementException" message="no such element: Unable to locate element: {&amp;quot;method&amp;quot;:&amp;quot;xpath&amp;quot;,&amp;quot;selector&amp;quot;:&amp;quot;//span[contains(text(),&amp;apos;Dashboard&amp;apos;)]&amp;quot;}
  (Session info: chrome=103.0.5060.134)
For documentation on this error, please visit: https://selenium.dev/exceptions/#no_such_element
Build info: version: &amp;apos;4.1.3&amp;apos;, revision: &amp;apos;7b1ebf28ef&amp;apos;
System info: host: &amp;apos;DESKTOP-IO56PCV&amp;apos;, ip: &amp;apos;192.168.0.161&amp;apos;, os.name: &amp;apos;Windows 10&amp;apos;, os.arch: &amp;apos;amd64&amp;apos;, os.version: &amp;apos;10.0&amp;apos;, java.version: &amp;apos;17.0.2&amp;apos;
Driver info: org.openqa.selenium.chrome.ChromeDriver
Command: [314ca0fd12f8fbf19f656c96e090a75f, findElement {using=xpath, value=//span[contains(text(),&amp;apos;Dashboard&amp;apos;)]}]
Capabilities {acceptInsecureCerts: false, browserName: chrome, browserVersion: 103.0.5060.134, chrome: {chromedriverVersion: 102.0.5005.61 (0e59bcc00cc4..., userDataDir: C:\Users\Admin\AppData\Loca...}, goog:chromeOptions: {debuggerAddress: localhost:59131}, javascriptEnabled: true, networkConnectionEnabled: false, pageLoadStrategy: normal, platform: WINDOWS, platformName: WINDOWS, proxy: Proxy(), se:cdp: ws://localhost:59131/devtoo..., se:cdpVersion: 103.0.5060.134, setWindowRect: true, strictFileInteractability: false, timeouts: {implicit: 0, pageLoad: 300000, script: 30000}, unhandledPromptBehavior: dismiss and notify, webauthn:extension:credBlob: true, webauthn:extension:largeBlob: true, webauthn:virtualAuthenticators: true}
Session ID: 314ca0fd12f8fbf19f656c96e090a75f">
      <![CDATA[org.openqa.selenium.NoSuchElementException: no such element: Unable to locate element: {"method":"xpath","selector":"//span[contains(text(),'Dashboard')]"}
  (Session info: chrome=103.0.5060.134)
For documentation on this error, please visit: https://selenium.dev/exceptions/#no_such_element
Build info: version: '4.1.3', revision: '7b1ebf28ef'
System info: host: 'DESKTOP-IO56PCV', ip: '192.168.0.161', os.name: 'Windows 10', os.arch: 'amd64', os.version: '10.0', java.version: '17.0.2'
Driver info: org.openqa.selenium.chrome.ChromeDriver
Command: [314ca0fd12f8fbf19f656c96e090a75f, findElement {using=xpath, value=//span[contains(text(),'Dashboard')]}]
Capabilities {acceptInsecureCerts: false, browserName: chrome, browserVersion: 103.0.5060.134, chrome: {chromedriverVersion: 102.0.5005.61 (0e59bcc00cc4..., userDataDir: C:\Users\Admin\AppData\Loca...}, goog:chromeOptions: {debuggerAddress: localhost:59131}, javascriptEnabled: true, networkConnectionEnabled: false, pageLoadStrategy: normal, platform: WINDOWS, platformName: WINDOWS, proxy: Proxy(), se:cdp: ws://localhost:59131/devtoo..., se:cdpVersion: 103.0.5060.134, setWindowRect: true, strictFileInteractability: false, timeouts: {implicit: 0, pageLoad: 300000, script: 30000}, unhandledPromptBehavior: dismiss and notify, webauthn:extension:credBlob: true, webauthn:extension:largeBlob: true, webauthn:virtualAuthenticators: true}
Session ID: 314ca0fd12f8fbf19f656c96e090a75f
at org.openqa.selenium.remote.codec.w3c.W3CHttpResponseCodec.createException(W3CHttpResponseCodec.java:200)
at org.openqa.selenium.remote.codec.w3c.W3CHttpResponseCodec.decode(W3CHttpResponseCodec.java:133)
at org.openqa.selenium.remote.codec.w3c.W3CHttpResponseCodec.decode(W3CHttpResponseCodec.java:53)
at org.openqa.selenium.remote.HttpCommandExecutor.execute(HttpCommandExecutor.java:184)
at org.openqa.selenium.remote.service.DriverCommandExecutor.invokeExecute(DriverCommandExecutor.java:167)
at org.openqa.selenium.remote.service.DriverCommandExecutor.execute(DriverCommandExecutor.java:142)
at org.openqa.selenium.remote.RemoteWebDriver.execute(RemoteWebDriver.java:567)
at org.openqa.selenium.remote.ElementLocation$ElementFinder$2.findElement(ElementLocation.java:162)
at org.openqa.selenium.remote.ElementLocation.findElement(ElementLocation.java:60)
at org.openqa.selenium.remote.RemoteWebDriver.findElement(RemoteWebDriver.java:385)
at org.openqa.selenium.remote.RemoteWebDriver.findElement(RemoteWebDriver.java:377)
at Testcases2.Login_page_Testcases.check_login_with_new_password(Login_page_Testcases.java:328)
at java.base/java.util.ArrayList.forEach(ArrayList.java:1511)
... Removed 32 stack frames]]>
    </failure>
  </testcase> <!-- check_login_with_new_password -->
  <testcase classname="Testcases2.Login_page_Testcases" name="set_again_old_password_from_reset_page" time="12.738"/>
  <testcase classname="Testcases2.Login_page_Testcases" name="check_username_field_contain_required_mesg" time="5.2"/>
  <testcase classname="Testcases2.Login_page_Testcases" name="check_password_field_contain_required_mesg" time="5.186"/>
  <testcase classname="Testcases2.Login_page_Testcases" name="click_on_login_button_if_username_and_password_field_empty" time="9.135"/>
  <testcase classname="Testcases2.Login_page_Testcases" name="click_on_login_button_if_username_filled_and_password_field_empty" time="9.231"/>
  <testcase classname="Testcases2.Login_page_Testcases" name="click_on_login_button_if_username_empty_and_password_filled" time="21.413"/>
  <testcase classname="Testcases2.Login_page_Testcases" name="Login_with_valid_data" time="16.434"/>
</testsuite> <!-- Login_page_Testcases -->
