<?xml version="1.0" encoding="UTF-8"?>
<!-- Generated by org.testng.reporters.JUnitXMLReporter -->
<testsuite hostname="DESKTOP-P4GJM8J" failures="2" tests="38" name="Users_Page_Testcases" time="232.596" errors="0" timestamp="10 May 2022 10:27:32 GMT">
  <testcase classname="Testcases2.Users_Page_Testcases" name="login" time="11.366"/>
  <testcase classname="Testcases2.Users_Page_Testcases" name="Check_Admin_menu_clickable" time="5.11"/>
  <testcase classname="Testcases2.Users_Page_Testcases" name="Check_users_menu_display" time="0.365"/>
  <testcase classname="Testcases2.Users_Page_Testcases" name="Check_users_menu_Clickable" time="5.11"/>
  <testcase classname="Testcases2.Users_Page_Testcases" name="Check_user_webpage_title" time="0.046"/>
  <testcase classname="Testcases2.Users_Page_Testcases" name="check_Users_page_header" time="0.048"/>
  <testcase classname="Testcases2.Users_Page_Testcases" name="Roles_field_label_text" time="0.042"/>
  <testcase classname="Testcases2.Users_Page_Testcases" name="Check_Roles_field_display" time="0.075"/>
  <testcase classname="Testcases2.Users_Page_Testcases" name="Search_field_Display" time="0.056"/>
  <testcase classname="Testcases2.Users_Page_Testcases" name="Search_field_editable" time="14.12"/>
  <testcase classname="Testcases2.Users_Page_Testcases" name="Search_field_Placeholder" time="17.205"/>
  <testcase classname="Testcases2.Users_Page_Testcases" name="Clear_functinality_for_roles_field" time="10.458"/>
  <testcase classname="Testcases2.Users_Page_Testcases" name="Clear_functinality_for_Search_field" time="25.347">
    <failure type="java.lang.AssertionError" message="null">
      <![CDATA[java.lang.AssertionError: null
	at Testcases2.Users_Page_Testcases.Clear_functinality_for_Search_field(Users_Page_Testcases.java:167)
... Removed 27 stack frames]]>
    </failure>
  </testcase> <!-- Clear_functinality_for_Search_field -->
  <testcase classname="Testcases2.Users_Page_Testcases" name="Clear_functinality_for_roles_and_Search_field" time="10.633"/>
  <testcase classname="Testcases2.Users_Page_Testcases" name="Check_Roles_dropdown_clickable_and_select_value_from_dropdown" time="0.115"/>
  <testcase classname="Testcases2.Users_Page_Testcases" name="Select_SuperAdmin_Option" time="0.183"/>
  <testcase classname="Testcases2.Users_Page_Testcases" name="Select_Admin_Option" time="0.234"/>
  <testcase classname="Testcases2.Users_Page_Testcases" name="Select_Back_Office_Option" time="0.273"/>
  <testcase classname="Testcases2.Users_Page_Testcases" name="Select_Support_Option" time="0.21"/>
  <testcase classname="Testcases2.Users_Page_Testcases" name="Select_Merchant_Option" time="0.211"/>
  <testcase classname="Testcases2.Users_Page_Testcases" name="Select_Staff_Option" time="0.306"/>
  <testcase classname="Testcases2.Users_Page_Testcases" name="Select_Customer_Option" time="0.327"/>
  <testcase classname="Testcases2.Users_Page_Testcases" name="Select_Partner_Option" time="0.332"/>
  <testcase classname="Testcases2.Users_Page_Testcases" name="Check_records_displayed" time="10.071">
    <failure type="org.openqa.selenium.NoSuchElementException" message="no such element: Unable to locate element: {&amp;quot;method&amp;quot;:&amp;quot;xpath&amp;quot;,&amp;quot;selector&amp;quot;:&amp;quot;//body/app-root[1]/app-layout[1]/section[1]/div[1]/app-admin[1]/app-user[1]/div[2]/div[1]/app-grid[1]/div[1]/p-table[1]/div[1]/p-paginator[1]/div[1]/p-dropdown[1]&amp;quot;}
  (Session info: chrome=100.0.4896.127)
For documentation on this error, please visit: https://selenium.dev/exceptions/#no_such_element
Build info: version: &amp;apos;4.0.0-alpha-4&amp;apos;, revision: &amp;apos;c2d955b49e&amp;apos;
System info: host: &amp;apos;DESKTOP-P4GJM8J&amp;apos;, ip: &amp;apos;192.168.0.161&amp;apos;, os.name: &amp;apos;Windows 10&amp;apos;, os.arch: &amp;apos;amd64&amp;apos;, os.version: &amp;apos;10.0&amp;apos;, java.version: &amp;apos;16.0.2&amp;apos;
Driver info: org.openqa.selenium.chrome.ChromeDriver
Capabilities {acceptInsecureCerts: false, browserName: chrome, browserVersion: 100.0.4896.127, chrome: {chromedriverVersion: 100.0.4896.60 (6a5d10861ce8..., userDataDir: C:\Users\Ramesh\AppData\Loc...}, goog:chromeOptions: {debuggerAddress: localhost:59992}, javascriptEnabled: true, networkConnectionEnabled: false, pageLoadStrategy: normal, platform: WINDOWS, platformName: WINDOWS, proxy: Proxy(), setWindowRect: true, strictFileInteractability: false, timeouts: {implicit: 0, pageLoad: 300000, script: 30000}, unhandledPromptBehavior: dismiss and notify, webauthn:extension:credBlob: true, webauthn:extension:largeBlob: true, webauthn:virtualAuthenticators: true}
Session ID: 3bc28957be56169003e667694ed34a15
*** Element info: {Using=xpath, value=//body/app-root[1]/app-layout[1]/section[1]/div[1]/app-admin[1]/app-user[1]/div[2]/div[1]/app-grid[1]/div[1]/p-table[1]/div[1]/p-paginator[1]/div[1]/p-dropdown[1]}">
      <![CDATA[org.openqa.selenium.NoSuchElementException: no such element: Unable to locate element: {"method":"xpath","selector":"//body/app-root[1]/app-layout[1]/section[1]/div[1]/app-admin[1]/app-user[1]/div[2]/div[1]/app-grid[1]/div[1]/p-table[1]/div[1]/p-paginator[1]/div[1]/p-dropdown[1]"}
  (Session info: chrome=100.0.4896.127)
For documentation on this error, please visit: https://selenium.dev/exceptions/#no_such_element
Build info: version: '4.0.0-alpha-4', revision: 'c2d955b49e'
System info: host: 'DESKTOP-P4GJM8J', ip: '192.168.0.161', os.name: 'Windows 10', os.arch: 'amd64', os.version: '10.0', java.version: '16.0.2'
Driver info: org.openqa.selenium.chrome.ChromeDriver
Capabilities {acceptInsecureCerts: false, browserName: chrome, browserVersion: 100.0.4896.127, chrome: {chromedriverVersion: 100.0.4896.60 (6a5d10861ce8..., userDataDir: C:\Users\Ramesh\AppData\Loc...}, goog:chromeOptions: {debuggerAddress: localhost:59992}, javascriptEnabled: true, networkConnectionEnabled: false, pageLoadStrategy: normal, platform: WINDOWS, platformName: WINDOWS, proxy: Proxy(), setWindowRect: true, strictFileInteractability: false, timeouts: {implicit: 0, pageLoad: 300000, script: 30000}, unhandledPromptBehavior: dismiss and notify, webauthn:extension:credBlob: true, webauthn:extension:largeBlob: true, webauthn:virtualAuthenticators: true}
Session ID: 3bc28957be56169003e667694ed34a15
*** Element info: {Using=xpath, value=//body/app-root[1]/app-layout[1]/section[1]/div[1]/app-admin[1]/app-user[1]/div[2]/div[1]/app-grid[1]/div[1]/p-table[1]/div[1]/p-paginator[1]/div[1]/p-dropdown[1]}
	at org.openqa.selenium.remote.codec.w3c.W3CHttpResponseCodec.createException(W3CHttpResponseCodec.java:196)
	at org.openqa.selenium.remote.codec.w3c.W3CHttpResponseCodec.decode(W3CHttpResponseCodec.java:129)
	at org.openqa.selenium.remote.codec.w3c.W3CHttpResponseCodec.decode(W3CHttpResponseCodec.java:53)
	at org.openqa.selenium.remote.HttpCommandExecutor.execute(HttpCommandExecutor.java:161)
	at org.openqa.selenium.remote.service.DriverCommandExecutor.execute(DriverCommandExecutor.java:83)
	at org.openqa.selenium.remote.RemoteWebDriver.execute(RemoteWebDriver.java:582)
	at org.openqa.selenium.remote.RemoteWebDriver.findElement(RemoteWebDriver.java:333)
	at org.openqa.selenium.remote.RemoteWebDriver.findElementByXPath(RemoteWebDriver.java:451)
	at org.openqa.selenium.By$ByXPath.findElement(By.java:394)
	at org.openqa.selenium.remote.RemoteWebDriver.findElement(RemoteWebDriver.java:325)
	at Testcases2.Users_Page_Testcases.Check_records_displayed(Users_Page_Testcases.java:314)
... Removed 29 stack frames]]>
    </failure>
  </testcase> <!-- Check_records_displayed -->
  <testcase classname="Testcases2.Users_Page_Testcases" name="Add_Users_button_display" time="0.059"/>
  <testcase classname="Testcases2.Users_Page_Testcases" name="Add_Users_icon_display" time="0.05"/>
  <testcase classname="Testcases2.Users_Page_Testcases" name="Check_Add_Users_button_Functionality" time="5.293"/>
  <testcase classname="Testcases2.Users_Page_Testcases" name="Check_Add_Users_icon_Functionality" time="10.416"/>
  <testcase classname="Testcases2.Users_Page_Testcases" name="Back_to_list_button_display" time="10.272"/>
  <testcase classname="Testcases2.Users_Page_Testcases" name="Back_to_list_button_clickable" time="5.148"/>
  <testcase classname="Testcases2.Users_Page_Testcases" name="edit_User_icon_display" time="0.045"/>
  <testcase classname="Testcases2.Users_Page_Testcases" name="edit_user_icon_functionality" time="5.192"/>
  <testcase classname="Testcases2.Users_Page_Testcases" name="Back_to_list_button_on_User_Profile_Page" time="0.047"/>
  <testcase classname="Testcases2.Users_Page_Testcases" name="Check_Back_to_list_button_Functinality_on_User_Profile_Page" time="5.204"/>
  <testcase classname="Testcases2.Users_Page_Testcases" name="Add_new_user" time="22.747"/>
  <testcase classname="Testcases2.Users_Page_Testcases" name="Update_button_functionality_on_User_Profile_page" time="38.829"/>
  <testcase classname="Testcases2.Users_Page_Testcases" name="Search_button_display" time="0.057"/>
  <testcase classname="Testcases2.Users_Page_Testcases" name="search_functionality" time="7.368"/>
</testsuite> <!-- Users_Page_Testcases -->
